<?xml version="1.0" encoding="UTF-8"?>
<!-- Generated by org.testng.reporters.JUnitXMLReporter -->
<testsuite ignored="0" hostname="DESKTOP-HQV51JQ" failures="0" tests="17" name="Test" time="200.487" errors="0" timestamp="2024-03-20T10:31:54 IST">
  <testcase classname="testBase.BaseClass" name="@AfterClass Teardown" time="0.046">
    <failure type="org.openqa.selenium.UnsupportedCommandException" message="The requested resource could not be found, or a request was received using an HTTP method that is not supported by the mapped resource
Build info: version: &amp;apos;4.18.1&amp;apos;, revision: &amp;apos;b1d3319b48&amp;apos;
System info: os.name: &amp;apos;Windows 10&amp;apos;, os.arch: &amp;apos;amd64&amp;apos;, os.version: &amp;apos;10.0&amp;apos;, java.version: &amp;apos;17.0.6&amp;apos;
Driver info: io.appium.java_client.android.AndroidDriver
Command: [f364b1ae-a22c-4b73-a57b-26315571ed34, close {}]
Capabilities {appium:app: C:/Users/rajesh/Downloads/T..., appium:appPackage: com.tvsm.connect.srilanka, appium:automationName: UIAutomator2, appium:databaseEnabled: false, appium:desired: {app: C:/Users/rajesh/Downloads/T..., automationName: UIAutomator2, deviceName: Moto g32, platformName: ANDROID}, appium:deviceApiLevel: 33, appium:deviceManufacturer: motorola, appium:deviceModel: moto g32, appium:deviceName: ZD2227V8YD, appium:deviceScreenDensity: 400, appium:deviceScreenSize: 1080x2400, appium:deviceUDID: ZD2227V8YD, appium:javascriptEnabled: true, appium:locationContextEnabled: false, appium:networkConnectionEnabled: true, appium:pixelRatio: 2.5, appium:platformVersion: 13, appium:statBarHeight: 105, appium:takesScreenshot: true, appium:viewportRect: {height: 2070, left: 0, top: 105, width: 1080}, appium:warnings: {}, appium:webStorageEnabled: false, platformName: ANDROID}
Session ID: f364b1ae-a22c-4b73-a57b-26315571ed34">
      <![CDATA[org.openqa.selenium.UnsupportedCommandException: The requested resource could not be found, or a request was received using an HTTP method that is not supported by the mapped resource
Build info: version: '4.18.1', revision: 'b1d3319b48'
System info: os.name: 'Windows 10', os.arch: 'amd64', os.version: '10.0', java.version: '17.0.6'
Driver info: io.appium.java_client.android.AndroidDriver
Command: [f364b1ae-a22c-4b73-a57b-26315571ed34, close {}]
Capabilities {appium:app: C:/Users/rajesh/Downloads/T..., appium:appPackage: com.tvsm.connect.srilanka, appium:automationName: UIAutomator2, appium:databaseEnabled: false, appium:desired: {app: C:/Users/rajesh/Downloads/T..., automationName: UIAutomator2, deviceName: Moto g32, platformName: ANDROID}, appium:deviceApiLevel: 33, appium:deviceManufacturer: motorola, appium:deviceModel: moto g32, appium:deviceName: ZD2227V8YD, appium:deviceScreenDensity: 400, appium:deviceScreenSize: 1080x2400, appium:deviceUDID: ZD2227V8YD, appium:javascriptEnabled: true, appium:locationContextEnabled: false, appium:networkConnectionEnabled: true, appium:pixelRatio: 2.5, appium:platformVersion: 13, appium:statBarHeight: 105, appium:takesScreenshot: true, appium:viewportRect: {height: 2070, left: 0, top: 105, width: 1080}, appium:warnings: {}, appium:webStorageEnabled: false, platformName: ANDROID}
Session ID: f364b1ae-a22c-4b73-a57b-26315571ed34
at org.openqa.selenium.remote.ErrorCodec.decode(ErrorCodec.java:167)
at org.openqa.selenium.remote.codec.w3c.W3CHttpResponseCodec.decode(W3CHttpResponseCodec.java:138)
at org.openqa.selenium.remote.codec.w3c.W3CHttpResponseCodec.decode(W3CHttpResponseCodec.java:50)
at org.openqa.selenium.remote.HttpCommandExecutor.execute(HttpCommandExecutor.java:190)
at io.appium.java_client.remote.AppiumCommandExecutor.execute(AppiumCommandExecutor.java:238)
at org.openqa.selenium.remote.RemoteWebDriver.execute(RemoteWebDriver.java:519)
at org.openqa.selenium.remote.RemoteWebDriver.execute(RemoteWebDriver.java:592)
at io.appium.java_client.AppiumDriver.execute(AppiumDriver.java:307)
at org.openqa.selenium.remote.RemoteWebDriver.close(RemoteWebDriver.java:406)
at testBase.BaseClass.Teardown(BaseClass.java:62)
at java.base/java.util.ArrayList.forEach(ArrayList.java:1511)
... Removed 30 stack frames]]>
    </failure>
  </testcase> <!-- @AfterClass Teardown -->
  <testcase classname="testBase.BaseClass" name="@AfterClass tearDown" time="-1.710910914286E9">
    <skipped/>
  </testcase> <!-- @AfterClass tearDown -->
  <testcase classname="testCases.SriLanka" name="applicationLogin" time="24.765"/>
  <testcase classname="testCases.SriLanka" name="signupDetails" time="7.794"/>
  <testcase classname="testCases.SriLanka" name="verifyOtp" time="12.075"/>
  <testcase classname="testCases.SriLanka" name="addVehicle" time="28.124"/>
  <testcase classname="testCases.SriLanka" name="rideDetails" time="11.224"/>
  <testcase classname="testCases.SriLanka" name="myRides" time="4.342"/>
  <testcase classname="testCases.SriLanka" name="knowyourbike" time="10.134"/>
  <testcase classname="testCases.SriLanka" name="settings" time="11.637"/>
  <testcase classname="testCases.SriLanka" name="lastParkLocation" time="7.076"/>
  <testcase classname="testCases.SriLanka" name="howToVideos" time="4.045"/>
  <testcase classname="testCases.SriLanka" name="addReBike" time="10.245"/>
  <testcase classname="testCases.SriLanka" name="reridedetails" time="11.434"/>
  <testcase classname="testCases.SriLanka" name="remyrides" time="4.532"/>
  <testcase classname="testCases.SriLanka" name="reknowyourbike" time="8.8"/>
  <testcase classname="testCases.SriLanka" name="resettings" time="10.937"/>
  <testcase classname="testCases.SriLanka" name="lastparkedlocation" time="5.88"/>
  <testcase classname="testCases.SriLanka" name="howtovideos" time="4.195"/>
</testsuite> <!-- Test -->
