<?xml version="1.0" encoding="UTF-8"?>
<testng-results ignored="0" total="17" passed="17" failed="0" skipped="0">
  <reporter-output>
  </reporter-output>
  <suite started-at="2024-03-20T10:28:33 IST" name="Suite" finished-at="2024-03-20T10:31:54 IST" duration-ms="200487">
    <groups>
    </groups>
    <test started-at="2024-03-20T10:28:33 IST" name="Test" finished-at="2024-03-20T10:31:54 IST" duration-ms="200487">
      <class name="testCases.SriLanka">
        <test-method is-config="true" signature="configureappium()[pri:0, instance:testCases.SriLanka@209da20d]" started-at="2024-03-20T10:28:34 IST" name="configureappium" finished-at="2024-03-20T10:28:56 IST" duration-ms="22707" status="PASS">
          <reporter-output>
          </reporter-output>
        </test-method> <!-- configureappium -->
        <test-method signature="applicationLogin()[pri:1, instance:testCases.SriLanka@209da20d]" started-at="2024-03-20T10:28:56 IST" name="applicationLogin" finished-at="2024-03-20T10:29:21 IST" duration-ms="24765" status="PASS">
          <reporter-output>
          </reporter-output>
        </test-method> <!-- applicationLogin -->
        <test-method signature="signupDetails()[pri:2, instance:testCases.SriLanka@209da20d]" started-at="2024-03-20T10:29:21 IST" name="signupDetails" finished-at="2024-03-20T10:29:29 IST" duration-ms="7794" status="PASS">
          <reporter-output>
          </reporter-output>
        </test-method> <!-- signupDetails -->
        <test-method signature="verifyOtp()[pri:3, instance:testCases.SriLanka@209da20d]" started-at="2024-03-20T10:29:29 IST" name="verifyOtp" finished-at="2024-03-20T10:29:41 IST" duration-ms="12075" status="PASS">
          <reporter-output>
          </reporter-output>
        </test-method> <!-- verifyOtp -->
        <test-method signature="addVehicle()[pri:4, instance:testCases.SriLanka@209da20d]" started-at="2024-03-20T10:29:41 IST" name="addVehicle" finished-at="2024-03-20T10:30:09 IST" duration-ms="28124" status="PASS">
          <reporter-output>
          </reporter-output>
        </test-method> <!-- addVehicle -->
        <test-method signature="rideDetails()[pri:5, instance:testCases.SriLanka@209da20d]" started-at="2024-03-20T10:30:09 IST" name="rideDetails" finished-at="2024-03-20T10:30:20 IST" duration-ms="11224" status="PASS">
          <reporter-output>
          </reporter-output>
        </test-method> <!-- rideDetails -->
        <test-method signature="myRides()[pri:6, instance:testCases.SriLanka@209da20d]" started-at="2024-03-20T10:30:20 IST" name="myRides" finished-at="2024-03-20T10:30:25 IST" duration-ms="4342" status="PASS">
          <reporter-output>
          </reporter-output>
        </test-method> <!-- myRides -->
        <test-method signature="knowyourbike()[pri:7, instance:testCases.SriLanka@209da20d]" started-at="2024-03-20T10:30:25 IST" name="knowyourbike" finished-at="2024-03-20T10:30:35 IST" duration-ms="10134" status="PASS">
          <reporter-output>
          </reporter-output>
        </test-method> <!-- knowyourbike -->
        <test-method signature="settings()[pri:8, instance:testCases.SriLanka@209da20d]" started-at="2024-03-20T10:30:35 IST" name="settings" finished-at="2024-03-20T10:30:47 IST" duration-ms="11637" status="PASS">
          <reporter-output>
          </reporter-output>
        </test-method> <!-- settings -->
        <test-method signature="lastParkLocation()[pri:9, instance:testCases.SriLanka@209da20d]" started-at="2024-03-20T10:30:47 IST" name="lastParkLocation" finished-at="2024-03-20T10:30:54 IST" duration-ms="7076" status="PASS">
          <reporter-output>
          </reporter-output>
        </test-method> <!-- lastParkLocation -->
        <test-method signature="howToVideos()[pri:10, instance:testCases.SriLanka@209da20d]" started-at="2024-03-20T10:30:54 IST" name="howToVideos" finished-at="2024-03-20T10:30:58 IST" duration-ms="4045" status="PASS">
          <reporter-output>
          </reporter-output>
        </test-method> <!-- howToVideos -->
        <test-method signature="addReBike()[pri:11, instance:testCases.SriLanka@209da20d]" started-at="2024-03-20T10:30:58 IST" name="addReBike" finished-at="2024-03-20T10:31:08 IST" duration-ms="10245" status="PASS">
          <reporter-output>
          </reporter-output>
        </test-method> <!-- addReBike -->
        <test-method signature="reridedetails()[pri:12, instance:testCases.SriLanka@209da20d]" started-at="2024-03-20T10:31:08 IST" name="reridedetails" finished-at="2024-03-20T10:31:19 IST" duration-ms="11434" status="PASS">
          <reporter-output>
          </reporter-output>
        </test-method> <!-- reridedetails -->
        <test-method signature="remyrides()[pri:13, instance:testCases.SriLanka@209da20d]" started-at="2024-03-20T10:31:19 IST" name="remyrides" finished-at="2024-03-20T10:31:24 IST" duration-ms="4532" status="PASS">
          <reporter-output>
          </reporter-output>
        </test-method> <!-- remyrides -->
        <test-method signature="reknowyourbike()[pri:14, instance:testCases.SriLanka@209da20d]" started-at="2024-03-20T10:31:24 IST" name="reknowyourbike" finished-at="2024-03-20T10:31:33 IST" duration-ms="8800" status="PASS">
          <reporter-output>
          </reporter-output>
        </test-method> <!-- reknowyourbike -->
        <test-method signature="resettings()[pri:15, instance:testCases.SriLanka@209da20d]" started-at="2024-03-20T10:31:33 IST" name="resettings" finished-at="2024-03-20T10:31:44 IST" duration-ms="10937" status="PASS">
          <reporter-output>
          </reporter-output>
        </test-method> <!-- resettings -->
        <test-method signature="lastparkedlocation()[pri:16, instance:testCases.SriLanka@209da20d]" started-at="2024-03-20T10:31:44 IST" name="lastparkedlocation" finished-at="2024-03-20T10:31:50 IST" duration-ms="5880" status="PASS">
          <reporter-output>
          </reporter-output>
        </test-method> <!-- lastparkedlocation -->
        <test-method signature="howtovideos()[pri:17, instance:testCases.SriLanka@209da20d]" started-at="2024-03-20T10:31:50 IST" name="howtovideos" finished-at="2024-03-20T10:31:54 IST" duration-ms="4195" status="PASS">
          <reporter-output>
          </reporter-output>
        </test-method> <!-- howtovideos -->
        <test-method is-config="true" signature="Teardown()[pri:0, instance:testCases.SriLanka@209da20d]" started-at="2024-03-20T10:31:54 IST" name="Teardown" finished-at="2024-03-20T10:31:54 IST" duration-ms="46" status="FAIL">
          <exception class="org.openqa.selenium.UnsupportedCommandException">
            <message>
              <![CDATA[The requested resource could not be found, or a request was received using an HTTP method that is not supported by the mapped resource
Build info: version: '4.18.1', revision: 'b1d3319b48'
System info: os.name: 'Windows 10', os.arch: 'amd64', os.version: '10.0', java.version: '17.0.6'
Driver info: io.appium.java_client.android.AndroidDriver
Command: [f364b1ae-a22c-4b73-a57b-26315571ed34, close {}]
Capabilities {appium:app: C:/Users/rajesh/Downloads/T..., appium:appPackage: com.tvsm.connect.srilanka, appium:automationName: UIAutomator2, appium:databaseEnabled: false, appium:desired: {app: C:/Users/rajesh/Downloads/T..., automationName: UIAutomator2, deviceName: Moto g32, platformName: ANDROID}, appium:deviceApiLevel: 33, appium:deviceManufacturer: motorola, appium:deviceModel: moto g32, appium:deviceName: ZD2227V8YD, appium:deviceScreenDensity: 400, appium:deviceScreenSize: 1080x2400, appium:deviceUDID: ZD2227V8YD, appium:javascriptEnabled: true, appium:locationContextEnabled: false, appium:networkConnectionEnabled: true, appium:pixelRatio: 2.5, appium:platformVersion: 13, appium:statBarHeight: 105, appium:takesScreenshot: true, appium:viewportRect: {height: 2070, left: 0, top: 105, width: 1080}, appium:warnings: {}, appium:webStorageEnabled: false, platformName: ANDROID}
Session ID: f364b1ae-a22c-4b73-a57b-26315571ed34]]>
            </message>
            <full-stacktrace>
              <![CDATA[org.openqa.selenium.UnsupportedCommandException: The requested resource could not be found, or a request was received using an HTTP method that is not supported by the mapped resource
Build info: version: '4.18.1', revision: 'b1d3319b48'
System info: os.name: 'Windows 10', os.arch: 'amd64', os.version: '10.0', java.version: '17.0.6'
Driver info: io.appium.java_client.android.AndroidDriver
Command: [f364b1ae-a22c-4b73-a57b-26315571ed34, close {}]
Capabilities {appium:app: C:/Users/rajesh/Downloads/T..., appium:appPackage: com.tvsm.connect.srilanka, appium:automationName: UIAutomator2, appium:databaseEnabled: false, appium:desired: {app: C:/Users/rajesh/Downloads/T..., automationName: UIAutomator2, deviceName: Moto g32, platformName: ANDROID}, appium:deviceApiLevel: 33, appium:deviceManufacturer: motorola, appium:deviceModel: moto g32, appium:deviceName: ZD2227V8YD, appium:deviceScreenDensity: 400, appium:deviceScreenSize: 1080x2400, appium:deviceUDID: ZD2227V8YD, appium:javascriptEnabled: true, appium:locationContextEnabled: false, appium:networkConnectionEnabled: true, appium:pixelRatio: 2.5, appium:platformVersion: 13, appium:statBarHeight: 105, appium:takesScreenshot: true, appium:viewportRect: {height: 2070, left: 0, top: 105, width: 1080}, appium:warnings: {}, appium:webStorageEnabled: false, platformName: ANDROID}
Session ID: f364b1ae-a22c-4b73-a57b-26315571ed34
at java.base/jdk.internal.reflect.NativeConstructorAccessorImpl.newInstance0(Native Method)
at java.base/jdk.internal.reflect.NativeConstructorAccessorImpl.newInstance(NativeConstructorAccessorImpl.java:77)
at java.base/jdk.internal.reflect.DelegatingConstructorAccessorImpl.newInstance(DelegatingConstructorAccessorImpl.java:45)
at java.base/java.lang.reflect.Constructor.newInstanceWithCaller(Constructor.java:499)
at java.base/java.lang.reflect.Constructor.newInstance(Constructor.java:480)
at org.openqa.selenium.remote.ErrorCodec.decode(ErrorCodec.java:167)
at org.openqa.selenium.remote.codec.w3c.W3CHttpResponseCodec.decode(W3CHttpResponseCodec.java:138)
at org.openqa.selenium.remote.codec.w3c.W3CHttpResponseCodec.decode(W3CHttpResponseCodec.java:50)
at org.openqa.selenium.remote.HttpCommandExecutor.execute(HttpCommandExecutor.java:190)
at io.appium.java_client.remote.AppiumCommandExecutor.execute(AppiumCommandExecutor.java:238)
at org.openqa.selenium.remote.RemoteWebDriver.execute(RemoteWebDriver.java:519)
at org.openqa.selenium.remote.RemoteWebDriver.execute(RemoteWebDriver.java:592)
at io.appium.java_client.AppiumDriver.execute(AppiumDriver.java:307)
at org.openqa.selenium.remote.RemoteWebDriver.close(RemoteWebDriver.java:406)
at testBase.BaseClass.Teardown(BaseClass.java:62)
at java.base/jdk.internal.reflect.NativeMethodAccessorImpl.invoke0(Native Method)
at java.base/jdk.internal.reflect.NativeMethodAccessorImpl.invoke(NativeMethodAccessorImpl.java:77)
at java.base/jdk.internal.reflect.DelegatingMethodAccessorImpl.invoke(DelegatingMethodAccessorImpl.java:43)
at java.base/java.lang.reflect.Method.invoke(Method.java:568)
at org.testng.internal.MethodInvocationHelper.invokeMethod(MethodInvocationHelper.java:133)
at org.testng.internal.MethodInvocationHelper.invokeMethodConsideringTimeout(MethodInvocationHelper.java:62)
at org.testng.internal.ConfigInvoker.invokeConfigurationMethod(ConfigInvoker.java:385)
at org.testng.internal.ConfigInvoker.invokeConfigurations(ConfigInvoker.java:321)
at org.testng.internal.TestMethodWorker.invokeAfterClassMethods(TestMethodWorker.java:217)
at org.testng.internal.TestMethodWorker.run(TestMethodWorker.java:130)
at java.base/java.util.ArrayList.forEach(ArrayList.java:1511)
at org.testng.TestRunner.privateRun(TestRunner.java:794)
at org.testng.TestRunner.run(TestRunner.java:596)
at org.testng.SuiteRunner.runTest(SuiteRunner.java:377)
at org.testng.SuiteRunner.runSequentially(SuiteRunner.java:371)
at org.testng.SuiteRunner.privateRun(SuiteRunner.java:332)
at org.testng.SuiteRunner.run(SuiteRunner.java:276)
at org.testng.SuiteRunnerWorker.runSuite(SuiteRunnerWorker.java:53)
at org.testng.SuiteRunnerWorker.run(SuiteRunnerWorker.java:96)
at org.testng.TestNG.runSuitesSequentially(TestNG.java:1212)
at org.testng.TestNG.runSuitesLocally(TestNG.java:1134)
at org.testng.TestNG.runSuites(TestNG.java:1063)
at org.testng.TestNG.run(TestNG.java:1031)
at org.testng.remote.AbstractRemoteTestNG.run(AbstractRemoteTestNG.java:115)
at org.testng.remote.RemoteTestNG.initAndRun(RemoteTestNG.java:251)
at org.testng.remote.RemoteTestNG.main(RemoteTestNG.java:77)
]]>
            </full-stacktrace>
          </exception> <!-- org.openqa.selenium.UnsupportedCommandException -->
          <reporter-output>
          </reporter-output>
        </test-method> <!-- Teardown -->
        <test-method is-config="true" signature="tearDown()[pri:0, instance:testCases.SriLanka@209da20d]" started-at="2024-03-20T10:31:54 IST" name="tearDown" finished-at="1970-01-01T05:30:00 IST" duration-ms="-1710910914286" status="SKIP">
          <reporter-output>
          </reporter-output>
        </test-method> <!-- tearDown -->
      </class> <!-- testCases.SriLanka -->
    </test> <!-- Test -->
  </suite> <!-- Suite -->
</testng-results>
